  Player.cpp
C:\Users\jerem\Desktop\estudios\VJ\FIB-VJ-Videojocs\2D-Game\Super-Mario\Super_Mario\Player.cpp(190,26): warning C4305: '-=': truncamiento de 'double' a 'float'
C:\Users\jerem\Desktop\estudios\VJ\FIB-VJ-Videojocs\2D-Game\Super-Mario\Super_Mario\Player.cpp(193,26): warning C4305: '+=': truncamiento de 'double' a 'float'
C:\Users\jerem\Desktop\estudios\VJ\FIB-VJ-Videojocs\2D-Game\Super-Mario\Super_Mario\Player.cpp(194,31): warning C4305: '-=': truncamiento de 'double' a 'float'
C:\Users\jerem\Desktop\estudios\VJ\FIB-VJ-Videojocs\2D-Game\Super-Mario\Super_Mario\Player.cpp(202,19): warning C4244: '+=': conversión de 'float' a 'T'; posible pérdida de datos
          with
          [
              T=int
          ]
C:\Users\jerem\Desktop\estudios\VJ\FIB-VJ-Videojocs\2D-Game\Super-Mario\Super_Mario\Player.cpp(222,25): warning C4305: '+=': truncamiento de 'double' a 'float'
C:\Users\jerem\Desktop\estudios\VJ\FIB-VJ-Videojocs\2D-Game\Super-Mario\Super_Mario\Player.cpp(225,25): warning C4305: '-=': truncamiento de 'double' a 'float'
C:\Users\jerem\Desktop\estudios\VJ\FIB-VJ-Videojocs\2D-Game\Super-Mario\Super_Mario\Player.cpp(226,30): warning C4305: '+=': truncamiento de 'double' a 'float'
C:\Users\jerem\Desktop\estudios\VJ\FIB-VJ-Videojocs\2D-Game\Super-Mario\Super_Mario\Player.cpp(234,19): warning C4244: '+=': conversión de 'float' a 'T'; posible pérdida de datos
          with
          [
              T=int
          ]
C:\Users\jerem\Desktop\estudios\VJ\FIB-VJ-Videojocs\2D-Game\Super-Mario\Super_Mario\Player.cpp(236,23): warning C4244: '=': conversión de 'T' a 'float'; posible pérdida de datos
          with
          [
              T=int
          ]
C:\Users\jerem\Desktop\estudios\VJ\FIB-VJ-Videojocs\2D-Game\Super-Mario\Super_Mario\Player.cpp(243,13): warning C4305: '-=': truncamiento de 'double' a 'float'
C:\Users\jerem\Desktop\estudios\VJ\FIB-VJ-Videojocs\2D-Game\Super-Mario\Super_Mario\Player.cpp(244,19): warning C4244: '+=': conversión de 'float' a 'T'; posible pérdida de datos
          with
          [
              T=int
          ]
C:\Users\jerem\Desktop\estudios\VJ\FIB-VJ-Videojocs\2D-Game\Super-Mario\Super_Mario\Player.cpp(247,13): warning C4305: '+=': truncamiento de 'double' a 'float'
C:\Users\jerem\Desktop\estudios\VJ\FIB-VJ-Videojocs\2D-Game\Super-Mario\Super_Mario\Player.cpp(248,19): warning C4244: '+=': conversión de 'float' a 'T'; posible pérdida de datos
          with
          [
              T=int
          ]
SOIL.lib(image_DXT.obj) : warning LNK4099: no se encontró PDB '' con 'SOIL.lib(image_DXT.obj)' o en ''; se vinculará el objeto sin tener en cuenta información de depuración
SOIL.lib(image_helper.obj) : warning LNK4099: no se encontró PDB '' con 'SOIL.lib(image_helper.obj)' o en ''; se vinculará el objeto sin tener en cuenta información de depuración
SOIL.lib(SOIL.obj) : warning LNK4099: no se encontró PDB '' con 'SOIL.lib(SOIL.obj)' o en ''; se vinculará el objeto sin tener en cuenta información de depuración
SOIL.lib(stb_image_aug.obj) : warning LNK4099: no se encontró PDB '' con 'SOIL.lib(stb_image_aug.obj)' o en ''; se vinculará el objeto sin tener en cuenta información de depuración
  Super_Mario.vcxproj -> C:\Users\jerem\Desktop\estudios\VJ\FIB-VJ-Videojocs\2D-Game\Super-Mario\Debug\Super_Mario.exe
