  Brick.cpp
C:\Users\jerem\Desktop\estudios\VJ\FIB-VJ-Videojocs\2D-Game\Super-Mario\Super_Mario\Brick.cpp(30,11): warning C4244: 'inicializando': conversión de 'double' a 'float'; posible pérdida de datos
  Coin.cpp
C:\Users\jerem\Desktop\estudios\VJ\FIB-VJ-Videojocs\2D-Game\Super-Mario\Super_Mario\Coin.cpp(40,15): warning C4244: 'argumento': conversión de 'float' a 'int'; posible pérdida de datos
  Enemy.cpp
  Flag.cpp
C:\Users\jerem\Desktop\estudios\VJ\FIB-VJ-Videojocs\2D-Game\Super-Mario\Super_Mario\Flag.cpp(45,11): warning C4244: '+=': conversión de 'double' a 'int'; posible pérdida de datos
  Game.cpp
  Goomba.cpp
C:\Users\jerem\Desktop\estudios\VJ\FIB-VJ-Videojocs\2D-Game\Super-Mario\Super_Mario\Goomba.cpp(87,73): warning C4390: ';': se encontró una instrucción controlada vacía; ¿es esa la intención?
C:\Users\jerem\Desktop\estudios\VJ\FIB-VJ-Videojocs\2D-Game\Super-Mario\Super_Mario\Goomba.cpp(102,16): warning C4244: 'inicializando': conversión de 'T' a 'float'; posible pérdida de datos
          with
          [
              T=int
          ]
C:\Users\jerem\Desktop\estudios\VJ\FIB-VJ-Videojocs\2D-Game\Super-Mario\Super_Mario\Goomba.cpp(102,38): warning C4244: 'inicializando': conversión de 'int' a 'float'; posible pérdida de datos
C:\Users\jerem\Desktop\estudios\VJ\FIB-VJ-Videojocs\2D-Game\Super-Mario\Super_Mario\Goomba.cpp(103,16): warning C4244: 'inicializando': conversión de 'T' a 'float'; posible pérdida de datos
          with
          [
              T=int
          ]
C:\Users\jerem\Desktop\estudios\VJ\FIB-VJ-Videojocs\2D-Game\Super-Mario\Super_Mario\Goomba.cpp(103,38): warning C4244: 'inicializando': conversión de 'int' a 'float'; posible pérdida de datos
  IntBox.cpp
C:\Users\jerem\Desktop\estudios\VJ\FIB-VJ-Videojocs\2D-Game\Super-Mario\Super_Mario\IntBox.cpp(32,11): warning C4244: 'inicializando': conversión de 'double' a 'float'; posible pérdida de datos
  Koopa.cpp
C:\Users\jerem\Desktop\estudios\VJ\FIB-VJ-Videojocs\2D-Game\Super-Mario\Super_Mario\Koopa.cpp(73,73): warning C4390: ';': se encontró una instrucción controlada vacía; ¿es esa la intención?
C:\Users\jerem\Desktop\estudios\VJ\FIB-VJ-Videojocs\2D-Game\Super-Mario\Super_Mario\Koopa.cpp(88,16): warning C4244: 'inicializando': conversión de 'T' a 'float'; posible pérdida de datos
          with
          [
              T=int
          ]
C:\Users\jerem\Desktop\estudios\VJ\FIB-VJ-Videojocs\2D-Game\Super-Mario\Super_Mario\Koopa.cpp(88,38): warning C4244: 'inicializando': conversión de 'int' a 'float'; posible pérdida de datos
C:\Users\jerem\Desktop\estudios\VJ\FIB-VJ-Videojocs\2D-Game\Super-Mario\Super_Mario\Koopa.cpp(89,16): warning C4244: 'inicializando': conversión de 'T' a 'float'; posible pérdida de datos
          with
          [
              T=int
          ]
C:\Users\jerem\Desktop\estudios\VJ\FIB-VJ-Videojocs\2D-Game\Super-Mario\Super_Mario\Koopa.cpp(89,38): warning C4244: 'inicializando': conversión de 'int' a 'float'; posible pérdida de datos
  main.cpp
  Mushroom.cpp
C:\Users\jerem\Desktop\estudios\VJ\FIB-VJ-Videojocs\2D-Game\Super-Mario\Super_Mario\Mushroom.cpp(45,11): warning C4244: 'inicializando': conversión de 'double' a 'float'; posible pérdida de datos
C:\Users\jerem\Desktop\estudios\VJ\FIB-VJ-Videojocs\2D-Game\Super-Mario\Super_Mario\Mushroom.cpp(50,13): warning C4244: '+=': conversión de 'float' a 'T'; posible pérdida de datos
          with
          [
              T=int
          ]
C:\Users\jerem\Desktop\estudios\VJ\FIB-VJ-Videojocs\2D-Game\Super-Mario\Super_Mario\Mushroom.cpp(63,12): warning C4244: '+=': conversión de 'float' a 'T'; posible pérdida de datos
          with
          [
              T=int
          ]
  SoundManager.cpp
  StartMenu.cpp
  Object.cpp
C:\Users\jerem\Desktop\estudios\VJ\FIB-VJ-Videojocs\2D-Game\Super-Mario\Super_Mario\Object.cpp(15,14): warning C4244: 'inicializando': conversión de 'T' a 'float'; posible pérdida de datos
          with
          [
              T=int
          ]
C:\Users\jerem\Desktop\estudios\VJ\FIB-VJ-Videojocs\2D-Game\Super-Mario\Super_Mario\Object.cpp(16,14): warning C4244: 'inicializando': conversión de 'T' a 'float'; posible pérdida de datos
          with
          [
              T=int
          ]
C:\Users\jerem\Desktop\estudios\VJ\FIB-VJ-Videojocs\2D-Game\Super-Mario\Super_Mario\Object.cpp(17,14): warning C4244: 'inicializando': conversión de 'T' a 'float'; posible pérdida de datos
          with
          [
              T=int
          ]
C:\Users\jerem\Desktop\estudios\VJ\FIB-VJ-Videojocs\2D-Game\Super-Mario\Super_Mario\Object.cpp(18,14): warning C4244: 'inicializando': conversión de 'T' a 'float'; posible pérdida de datos
          with
          [
              T=int
          ]
  Player.cpp
C:\Users\jerem\Desktop\estudios\VJ\FIB-VJ-Videojocs\2D-Game\Super-Mario\Super_Mario\Player.cpp(392,19): warning C4244: '+=': conversión de 'float' a 'T'; posible pérdida de datos
          with
          [
              T=int
          ]
C:\Users\jerem\Desktop\estudios\VJ\FIB-VJ-Videojocs\2D-Game\Super-Mario\Super_Mario\Player.cpp(427,19): warning C4244: '+=': conversión de 'float' a 'T'; posible pérdida de datos
          with
          [
              T=int
          ]
C:\Users\jerem\Desktop\estudios\VJ\FIB-VJ-Videojocs\2D-Game\Super-Mario\Super_Mario\Player.cpp(438,19): warning C4244: '+=': conversión de 'float' a 'T'; posible pérdida de datos
          with
          [
              T=int
          ]
C:\Users\jerem\Desktop\estudios\VJ\FIB-VJ-Videojocs\2D-Game\Super-Mario\Super_Mario\Player.cpp(442,19): warning C4244: '+=': conversión de 'float' a 'T'; posible pérdida de datos
          with
          [
              T=int
          ]
C:\Users\jerem\Desktop\estudios\VJ\FIB-VJ-Videojocs\2D-Game\Super-Mario\Super_Mario\Player.cpp(607,27): warning C4244: '=': conversión de 'T' a 'float'; posible pérdida de datos
          with
          [
              T=int
          ]
C:\Users\jerem\Desktop\estudios\VJ\FIB-VJ-Videojocs\2D-Game\Super-Mario\Super_Mario\Player.cpp(610,17): warning C4244: '=': conversión de 'float' a 'T'; posible pérdida de datos
          with
          [
              T=int
          ]
  Projection.cpp
C:\Users\jerem\Desktop\estudios\VJ\FIB-VJ-Videojocs\2D-Game\Super-Mario\Super_Mario\Projection.cpp(19,16): warning C4244: 'inicializando': conversión de 'double' a 'float'; posible pérdida de datos
C:\Users\jerem\Desktop\estudios\VJ\FIB-VJ-Videojocs\2D-Game\Super-Mario\Super_Mario\Projection.cpp(25,12): warning C4244: 'inicializando': conversión de 'double' a 'float'; posible pérdida de datos
  Scene.cpp
C:\Users\jerem\Desktop\estudios\VJ\FIB-VJ-Videojocs\2D-Game\Super-Mario\Super_Mario\Scene.cpp(172,24): warning C4244: 'argumento': conversión de 'int' a 'float'; posible pérdida de datos
  Score.cpp
  Shader.cpp
  ShaderProgram.cpp
  Sprite.cpp
  Compilando...
  Star.cpp
C:\Users\jerem\Desktop\estudios\VJ\FIB-VJ-Videojocs\2D-Game\Super-Mario\Super_Mario\Star.cpp(28,14): warning C4244: '=': conversión de 'const T' a 'int'; posible pérdida de datos
          with
          [
              T=float
          ]
C:\Users\jerem\Desktop\estudios\VJ\FIB-VJ-Videojocs\2D-Game\Super-Mario\Super_Mario\Star.cpp(64,11): warning C4244: 'inicializando': conversión de 'double' a 'float'; posible pérdida de datos
C:\Users\jerem\Desktop\estudios\VJ\FIB-VJ-Videojocs\2D-Game\Super-Mario\Super_Mario\Star.cpp(69,13): warning C4244: '+=': conversión de 'float' a 'T'; posible pérdida de datos
          with
          [
              T=int
          ]
C:\Users\jerem\Desktop\estudios\VJ\FIB-VJ-Videojocs\2D-Game\Super-Mario\Super_Mario\Star.cpp(76,15): warning C4244: 'argumento': conversión de 'float' a 'int'; posible pérdida de datos
C:\Users\jerem\Desktop\estudios\VJ\FIB-VJ-Videojocs\2D-Game\Super-Mario\Super_Mario\Star.cpp(110,12): warning C4244: '+=': conversión de 'float' a 'T'; posible pérdida de datos
          with
          [
              T=int
          ]
  Text.cpp
  Texture.cpp
  TexturedQuad.cpp
  Tile.cpp
  TileMap.cpp
C:\Users\jerem\Desktop\estudios\VJ\FIB-VJ-Videojocs\2D-Game\Super-Mario\Super_Mario\TileMap.cpp(25,20): warning C4244: 'argumento': conversión de 'int' a 'float'; posible pérdida de datos
C:\Users\jerem\Desktop\estudios\VJ\FIB-VJ-Videojocs\2D-Game\Super-Mario\Super_Mario\TileMap.cpp(31,87): warning C4244: 'argumento': conversión de 'int' a 'float'; posible pérdida de datos
C:\Users\jerem\Desktop\estudios\VJ\FIB-VJ-Videojocs\2D-Game\Super-Mario\Super_Mario\TileMap.cpp(126,7): warning C4101: 'tile': variable local sin referencia
C:\Users\jerem\Desktop\estudios\VJ\FIB-VJ-Videojocs\2D-Game\Super-Mario\Super_Mario\TileMap.cpp(387,29): warning C4244: '=': conversión de 'float' a 'int'; posible pérdida de datos
C:\Users\jerem\Desktop\estudios\VJ\FIB-VJ-Videojocs\2D-Game\Super-Mario\Super_Mario\TileMap.cpp(388,35): warning C4244: '=': conversión de 'float' a 'int'; posible pérdida de datos
C:\Users\jerem\Desktop\estudios\VJ\FIB-VJ-Videojocs\2D-Game\Super-Mario\Super_Mario\TileMap.cpp(529,20): warning C4018: '<': no coinciden signed/unsigned
C:\Users\jerem\Desktop\estudios\VJ\FIB-VJ-Videojocs\2D-Game\Super-Mario\Super_Mario\TileMap.cpp(531,25): warning C4018: '<': no coinciden signed/unsigned
SOIL.lib(SOIL.obj) : warning LNK4075: se omite '/EDITANDCONTINUE' debido a la especificación '/OPT:ICF'
LINK : warning LNK4098: la biblioteca predeterminada'MSVCRTD' entra en conflicto con otras bibliotecas; use la biblioteca /NODEFAULTLIB:biblioteca
  Generando código
C:\Users\jerem\Desktop\estudios\VJ\FIB-VJ-Videojocs\2D-Game\Super-Mario\Super_Mario\Flag.cpp(55): warning C4715: 'Flag::update': no todas las rutas de acceso de control devuelven un valor
  839 of 979 functions (85.7%) were compiled, the rest were copied from previous compilation.
    484 functions were new in current compilation
    41 functions had inline decision re-evaluated but remain unchanged
  Generación de código finalizada
SOIL.lib(image_DXT.obj) : warning LNK4099: no se encontró PDB '' con 'SOIL.lib(image_DXT.obj)' o en ''; se vinculará el objeto sin tener en cuenta información de depuración
SOIL.lib(image_helper.obj) : warning LNK4099: no se encontró PDB '' con 'SOIL.lib(image_helper.obj)' o en ''; se vinculará el objeto sin tener en cuenta información de depuración
SOIL.lib(SOIL.obj) : warning LNK4099: no se encontró PDB '' con 'SOIL.lib(SOIL.obj)' o en ''; se vinculará el objeto sin tener en cuenta información de depuración
SOIL.lib(stb_image_aug.obj) : warning LNK4099: no se encontró PDB '' con 'SOIL.lib(stb_image_aug.obj)' o en ''; se vinculará el objeto sin tener en cuenta información de depuración
  Super_Mario.vcxproj -> C:\Users\jerem\Desktop\estudios\VJ\FIB-VJ-Videojocs\2D-Game\Super-Mario\Release\Super_Mario.exe
